This is pdfTeX, Version 3.14159265-2.6-1.40.16 (TeX Live 2015/Debian) (preloaded format=pdflatex 2018.4.21)  19 MAY 2018 23:01
entering extended mode
 restricted \write18 enabled.
 %&-line parsing enabled.
**Master_thesis.tex
(./Master_thesis.tex
LaTeX2e <2016/02/01>
Babel <3.9q> and hyphenation patterns for 5 language(s) loaded.
(/usr/share/texlive/texmf-dist/tex/latex/base/fix-cm.sty
Package: fix-cm 2015/01/14 v1.1t fixes to LaTeX

(/usr/share/texlive/texmf-dist/tex/latex/base/ts1enc.def
File: ts1enc.def 2001/06/05 v3.0e (jk/car/fm) Standard LaTeX file
))
(/usr/share/texlive/texmf-dist/tex/latex/base/book.cls
Document Class: book 2014/09/29 v1.4h Standard LaTeX document class
(/usr/share/texlive/texmf-dist/tex/latex/base/bk12.clo
File: bk12.clo 2014/09/29 v1.4h Standard LaTeX file (size option)
)
\c@part=\count79
\c@chapter=\count80
\c@section=\count81
\c@subsection=\count82
\c@subsubsection=\count83
\c@paragraph=\count84
\c@subparagraph=\count85
\c@figure=\count86
\c@table=\count87
\abovecaptionskip=\skip41
\belowcaptionskip=\skip42
\bibindent=\dimen102
)
(/usr/share/texlive/texmf-dist/tex/latex/graphics/graphicx.sty
Package: graphicx 2014/10/28 v1.0g Enhanced LaTeX Graphics (DPC,SPQR)

(/usr/share/texlive/texmf-dist/tex/latex/graphics/keyval.sty
Package: keyval 2014/10/28 v1.15 key=value parser (DPC)
\KV@toks@=\toks14
)
(/usr/share/texlive/texmf-dist/tex/latex/graphics/graphics.sty
Package: graphics 2016/01/03 v1.0q Standard LaTeX Graphics (DPC,SPQR)

(/usr/share/texlive/texmf-dist/tex/latex/graphics/trig.sty
Package: trig 2016/01/03 v1.10 sin cos tan (DPC)
)
(/usr/share/texlive/texmf-dist/tex/latex/latexconfig/graphics.cfg
File: graphics.cfg 2010/04/23 v1.9 graphics configuration of TeX Live
)
Package graphics Info: Driver file: pdftex.def on input line 95.

(/usr/share/texlive/texmf-dist/tex/latex/pdftex-def/pdftex.def
File: pdftex.def 2011/05/27 v0.06d Graphics/color for pdfTeX

(/usr/share/texlive/texmf-dist/tex/generic/oberdiek/infwarerr.sty
Package: infwarerr 2010/04/08 v1.3 Providing info/warning/error messages (HO)
)
(/usr/share/texlive/texmf-dist/tex/generic/oberdiek/ltxcmds.sty
Package: ltxcmds 2011/11/09 v1.22 LaTeX kernel commands for general use (HO)
)
\Gread@gobject=\count88
))
\Gin@req@height=\dimen103
\Gin@req@width=\dimen104
)
(/usr/share/texlive/texmf-dist/tex/latex/xcolor/xcolor.sty
Package: xcolor 2007/01/21 v2.11 LaTeX color extensions (UK)

(/usr/share/texlive/texmf-dist/tex/latex/latexconfig/color.cfg
File: color.cfg 2007/01/18 v1.5 color configuration of teTeX/TeXLive
)
Package xcolor Info: Driver file: pdftex.def on input line 225.
Package xcolor Info: Model `cmy' substituted by `cmy0' on input line 1337.
Package xcolor Info: Model `hsb' substituted by `rgb' on input line 1341.
Package xcolor Info: Model `RGB' extended on input line 1353.
Package xcolor Info: Model `HTML' substituted by `rgb' on input line 1355.
Package xcolor Info: Model `Hsb' substituted by `hsb' on input line 1356.
Package xcolor Info: Model `tHsb' substituted by `hsb' on input line 1357.
Package xcolor Info: Model `HSB' substituted by `hsb' on input line 1358.
Package xcolor Info: Model `Gray' substituted by `gray' on input line 1359.
Package xcolor Info: Model `wave' substituted by `hsb' on input line 1360.
)
(/usr/share/texlive/texmf-dist/tex/latex/textpos/textpos.sty
Package: textpos 2014/01/03 v1.7j

Package: textpos 2014/01/03 1.7j, absolute positioning of text on the page
\TP@textbox=\box26
\TPHorizModule=\dimen105
\TPVertModule=\dimen106
\TP@margin=\dimen107
\TP@absmargin=\dimen108
Grid set 16 x 16 = 37.34424pt x 52.81541pt
\TPboxrulesize=\dimen109
\TP@tbargs=\toks15
\TP@prevdepth=\dimen110
) (/usr/share/texlive/texmf-dist/tex/generic/babel/babel.sty
Package: babel 2016/02/24 3.9q The Babel package

(/usr/share/texlive/texmf-dist/tex/generic/babel-english/english.ldf
Language: english 2012/08/20 v3.3p English support from the babel system

(/usr/share/texlive/texmf-dist/tex/generic/babel/babel.def
File: babel.def 2016/02/24 3.9q Babel common definitions
\babel@savecnt=\count89
\U@D=\dimen111
)
\l@canadian = a dialect from \language\l@american 
\l@australian = a dialect from \language\l@british 
\l@newzealand = a dialect from \language\l@british 
))
(/usr/share/texlive/texmf-dist/tex/latex/psnfss/helvet.sty
Package: helvet 2005/04/12 PSNFSS-v9.2a (WaS) 
)
(/usr/share/texlive/texmf-dist/tex/latex/amsmath/amsmath.sty
Package: amsmath 2016/03/03 v2.15a AMS math features
\@mathmargin=\skip43

For additional information on amsmath, use the `?' option.
(/usr/share/texlive/texmf-dist/tex/latex/amsmath/amstext.sty
Package: amstext 2000/06/29 v2.01 AMS text

(/usr/share/texlive/texmf-dist/tex/latex/amsmath/amsgen.sty
File: amsgen.sty 1999/11/30 v2.0 generic functions
\@emptytoks=\toks16
\ex@=\dimen112
))
(/usr/share/texlive/texmf-dist/tex/latex/amsmath/amsbsy.sty
Package: amsbsy 1999/11/29 v1.2d Bold Symbols
\pmbraise@=\dimen113
)
(/usr/share/texlive/texmf-dist/tex/latex/amsmath/amsopn.sty
Package: amsopn 1999/12/14 v2.01 operator names
)
\inf@bad=\count90
LaTeX Info: Redefining \frac on input line 199.
\uproot@=\count91
\leftroot@=\count92
LaTeX Info: Redefining \overline on input line 297.
\classnum@=\count93
\DOTSCASE@=\count94
LaTeX Info: Redefining \ldots on input line 394.
LaTeX Info: Redefining \dots on input line 397.
LaTeX Info: Redefining \cdots on input line 518.
\Mathstrutbox@=\box27
\strutbox@=\box28
\big@size=\dimen114
LaTeX Font Info:    Redeclaring font encoding OML on input line 630.
LaTeX Font Info:    Redeclaring font encoding OMS on input line 631.
\macc@depth=\count95
\c@MaxMatrixCols=\count96
\dotsspace@=\muskip10
\c@parentequation=\count97
\dspbrk@lvl=\count98
\tag@help=\toks17
\row@=\count99
\column@=\count100
\maxfields@=\count101
\andhelp@=\toks18
\eqnshift@=\dimen115
\alignsep@=\dimen116
\tagshift@=\dimen117
\tagwidth@=\dimen118
\totwidth@=\dimen119
\lineht@=\dimen120
\@envbody=\toks19
\multlinegap=\skip44
\multlinetaggap=\skip45
\mathdisplay@stack=\toks20
LaTeX Info: Redefining \[ on input line 2735.
LaTeX Info: Redefining \] on input line 2736.
)
(/usr/share/texlive/texmf-dist/tex/latex/mathtools/mathtools.sty
Package: mathtools 2015/11/12 v1.18 mathematical typesetting tools

(/usr/share/texlive/texmf-dist/tex/latex/tools/calc.sty
Package: calc 2014/10/28 v4.3 Infix arithmetic (KKT,FJ)
\calc@Acount=\count102
\calc@Bcount=\count103
\calc@Adimen=\dimen121
\calc@Bdimen=\dimen122
\calc@Askip=\skip46
\calc@Bskip=\skip47
LaTeX Info: Redefining \setlength on input line 80.
LaTeX Info: Redefining \addtolength on input line 81.
\calc@Ccount=\count104
\calc@Cskip=\skip48
)
(/usr/share/texlive/texmf-dist/tex/latex/mathtools/mhsetup.sty
Package: mhsetup 2010/01/21 v1.2a programming setup (MH)
)
LaTeX Info: Thecontrolsequence`\('isalreadyrobust on input line 129.
LaTeX Info: Thecontrolsequence`\)'isalreadyrobust on input line 129.
LaTeX Info: Thecontrolsequence`\['isalreadyrobust on input line 129.
LaTeX Info: Thecontrolsequence`\]'isalreadyrobust on input line 129.
\g_MT_multlinerow_int=\count105
\l_MT_multwidth_dim=\dimen123
\origjot=\skip49
\l_MT_shortvdotswithinadjustabove_dim=\dimen124
\l_MT_shortvdotswithinadjustbelow_dim=\dimen125
\l_MT_above_intertext_sep=\dimen126
\l_MT_below_intertext_sep=\dimen127
\l_MT_above_shortintertext_sep=\dimen128
\l_MT_below_shortintertext_sep=\dimen129
)
(/usr/share/texlive/texmf-dist/tex/latex/base/textcomp.sty
Package: textcomp 2005/09/27 v1.99g Standard LaTeX package
Package textcomp Info: Sub-encoding information:
(textcomp)               5 = only ISO-Adobe without \textcurrency
(textcomp)               4 = 5 + \texteuro
(textcomp)               3 = 4 + \textohm
(textcomp)               2 = 3 + \textestimated + \textcurrency
(textcomp)               1 = TS1 - \textcircled - \t
(textcomp)               0 = TS1 (full)
(textcomp)             Font families with sub-encoding setting implement
(textcomp)             only a restricted character set as indicated.
(textcomp)             Family '?' is the default used for unknown fonts.
(textcomp)             See the documentation for details.
Package textcomp Info: Setting ? sub-encoding to TS1/1 on input line 79.

(/usr/share/texlive/texmf-dist/tex/latex/base/ts1enc.def
File: ts1enc.def 2001/06/05 v3.0e (jk/car/fm) Standard LaTeX file
LaTeX Font Info:    Redeclaring font encoding TS1 on input line 47.
)
LaTeX Info: Redefining \oldstylenums on input line 334.
Package textcomp Info: Setting cmr sub-encoding to TS1/0 on input line 349.
Package textcomp Info: Setting cmss sub-encoding to TS1/0 on input line 350.
Package textcomp Info: Setting cmtt sub-encoding to TS1/0 on input line 351.
Package textcomp Info: Setting cmvtt sub-encoding to TS1/0 on input line 352.
Package textcomp Info: Setting cmbr sub-encoding to TS1/0 on input line 353.
Package textcomp Info: Setting cmtl sub-encoding to TS1/0 on input line 354.
Package textcomp Info: Setting ccr sub-encoding to TS1/0 on input line 355.
Package textcomp Info: Setting ptm sub-encoding to TS1/4 on input line 356.
Package textcomp Info: Setting pcr sub-encoding to TS1/4 on input line 357.
Package textcomp Info: Setting phv sub-encoding to TS1/4 on input line 358.
Package textcomp Info: Setting ppl sub-encoding to TS1/3 on input line 359.
Package textcomp Info: Setting pag sub-encoding to TS1/4 on input line 360.
Package textcomp Info: Setting pbk sub-encoding to TS1/4 on input line 361.
Package textcomp Info: Setting pnc sub-encoding to TS1/4 on input line 362.
Package textcomp Info: Setting pzc sub-encoding to TS1/4 on input line 363.
Package textcomp Info: Setting bch sub-encoding to TS1/4 on input line 364.
Package textcomp Info: Setting put sub-encoding to TS1/5 on input line 365.
Package textcomp Info: Setting uag sub-encoding to TS1/5 on input line 366.
Package textcomp Info: Setting ugq sub-encoding to TS1/5 on input line 367.
Package textcomp Info: Setting ul8 sub-encoding to TS1/4 on input line 368.
Package textcomp Info: Setting ul9 sub-encoding to TS1/4 on input line 369.
Package textcomp Info: Setting augie sub-encoding to TS1/5 on input line 370.
Package textcomp Info: Setting dayrom sub-encoding to TS1/3 on input line 371.
Package textcomp Info: Setting dayroms sub-encoding to TS1/3 on input line 372.

Package textcomp Info: Setting pxr sub-encoding to TS1/0 on input line 373.
Package textcomp Info: Setting pxss sub-encoding to TS1/0 on input line 374.
Package textcomp Info: Setting pxtt sub-encoding to TS1/0 on input line 375.
Package textcomp Info: Setting txr sub-encoding to TS1/0 on input line 376.
Package textcomp Info: Setting txss sub-encoding to TS1/0 on input line 377.
Package textcomp Info: Setting txtt sub-encoding to TS1/0 on input line 378.
Package textcomp Info: Setting lmr sub-encoding to TS1/0 on input line 379.
Package textcomp Info: Setting lmdh sub-encoding to TS1/0 on input line 380.
Package textcomp Info: Setting lmss sub-encoding to TS1/0 on input line 381.
Package textcomp Info: Setting lmssq sub-encoding to TS1/0 on input line 382.
Package textcomp Info: Setting lmvtt sub-encoding to TS1/0 on input line 383.
Package textcomp Info: Setting lmtt sub-encoding to TS1/0 on input line 384.
Package textcomp Info: Setting qhv sub-encoding to TS1/0 on input line 385.
Package textcomp Info: Setting qag sub-encoding to TS1/0 on input line 386.
Package textcomp Info: Setting qbk sub-encoding to TS1/0 on input line 387.
Package textcomp Info: Setting qcr sub-encoding to TS1/0 on input line 388.
Package textcomp Info: Setting qcs sub-encoding to TS1/0 on input line 389.
Package textcomp Info: Setting qpl sub-encoding to TS1/0 on input line 390.
Package textcomp Info: Setting qtm sub-encoding to TS1/0 on input line 391.
Package textcomp Info: Setting qzc sub-encoding to TS1/0 on input line 392.
Package textcomp Info: Setting qhvc sub-encoding to TS1/0 on input line 393.
Package textcomp Info: Setting futs sub-encoding to TS1/4 on input line 394.
Package textcomp Info: Setting futx sub-encoding to TS1/4 on input line 395.
Package textcomp Info: Setting futj sub-encoding to TS1/4 on input line 396.
Package textcomp Info: Setting hlh sub-encoding to TS1/3 on input line 397.
Package textcomp Info: Setting hls sub-encoding to TS1/3 on input line 398.
Package textcomp Info: Setting hlst sub-encoding to TS1/3 on input line 399.
Package textcomp Info: Setting hlct sub-encoding to TS1/5 on input line 400.
Package textcomp Info: Setting hlx sub-encoding to TS1/5 on input line 401.
Package textcomp Info: Setting hlce sub-encoding to TS1/5 on input line 402.
Package textcomp Info: Setting hlcn sub-encoding to TS1/5 on input line 403.
Package textcomp Info: Setting hlcw sub-encoding to TS1/5 on input line 404.
Package textcomp Info: Setting hlcf sub-encoding to TS1/5 on input line 405.
Package textcomp Info: Setting pplx sub-encoding to TS1/3 on input line 406.
Package textcomp Info: Setting pplj sub-encoding to TS1/3 on input line 407.
Package textcomp Info: Setting ptmx sub-encoding to TS1/4 on input line 408.
Package textcomp Info: Setting ptmj sub-encoding to TS1/4 on input line 409.
)
(/usr/share/texlive/texmf-dist/tex/latex/tools/multicol.sty
Package: multicol 2015/08/19 v1.8n multicolumn formatting (FMi)
\c@tracingmulticols=\count106
\mult@box=\box29
\multicol@leftmargin=\dimen130
\c@unbalance=\count107
\c@collectmore=\count108
\doublecol@number=\count109
\multicoltolerance=\count110
\multicolpretolerance=\count111
\full@width=\dimen131
\page@free=\dimen132
\premulticols=\dimen133
\postmulticols=\dimen134
\multicolsep=\skip50
\multicolbaselineskip=\skip51
\partial@page=\box30
\last@line=\box31
\maxbalancingoverflow=\dimen135
\mult@rightbox=\box32
\mult@grightbox=\box33
\mult@gfirstbox=\box34
\mult@firstbox=\box35
\@tempa=\box36
\@tempa=\box37
\@tempa=\box38
\@tempa=\box39
\@tempa=\box40
\@tempa=\box41
\@tempa=\box42
\@tempa=\box43
\@tempa=\box44
\@tempa=\box45
\@tempa=\box46
\@tempa=\box47
\@tempa=\box48
\@tempa=\box49
\@tempa=\box50
\@tempa=\box51
\@tempa=\box52
\c@columnbadness=\count112
\c@finalcolumnbadness=\count113
\last@try=\dimen136
\multicolovershoot=\dimen137
\multicolundershoot=\dimen138
\mult@nat@firstbox=\box53
\colbreak@box=\box54
\mc@col@check@num=\count114
)
(/usr/share/texlive/texmf-dist/tex/latex/natbib/natbib.sty
Package: natbib 2010/09/13 8.31b (PWD, AO)
\bibhang=\skip52
\bibsep=\skip53
LaTeX Info: Redefining \cite on input line 694.
\c@NAT@ctr=\count115
)
(./Master_thesis.aux

LaTeX Warning: Label `fig: test_sourceterms' multiply defined.


LaTeX Warning: Label `eq: p_cond' multiply defined.

)
\openout1 = `Master_thesis.aux'.

LaTeX Font Info:    Checking defaults for OML/cmm/m/it on input line 46.
LaTeX Font Info:    ... okay on input line 46.
LaTeX Font Info:    Checking defaults for T1/cmr/m/n on input line 46.
LaTeX Font Info:    ... okay on input line 46.
LaTeX Font Info:    Checking defaults for OT1/cmr/m/n on input line 46.
LaTeX Font Info:    ... okay on input line 46.
LaTeX Font Info:    Checking defaults for OMS/cmsy/m/n on input line 46.
LaTeX Font Info:    ... okay on input line 46.
LaTeX Font Info:    Checking defaults for OMX/cmex/m/n on input line 46.
LaTeX Font Info:    ... okay on input line 46.
LaTeX Font Info:    Checking defaults for U/cmr/m/n on input line 46.
LaTeX Font Info:    ... okay on input line 46.
LaTeX Font Info:    Checking defaults for TS1/cmr/m/n on input line 46.
LaTeX Font Info:    ... okay on input line 46.
 (/usr/share/texlive/texmf-dist/tex/context/base/supp-pdf.mkii
[Loading MPS to PDF converter (version 2006.09.02).]
\scratchcounter=\count116
\scratchdimen=\dimen139
\scratchbox=\box55
\nofMPsegments=\count117
\nofMParguments=\count118
\everyMPshowfont=\toks21
\MPscratchCnt=\count119
\MPscratchDim=\dimen140
\MPnumerator=\count120
\makeMPintoPDFobject=\count121
\everyMPtoPDFconversion=\toks22
) (/usr/share/texlive/texmf-dist/tex/generic/oberdiek/pdftexcmds.sty
Package: pdftexcmds 2011/11/29 v0.20 Utility functions of pdfTeX for LuaTeX (HO
)

(/usr/share/texlive/texmf-dist/tex/generic/oberdiek/ifluatex.sty
Package: ifluatex 2010/03/01 v1.3 Provides the ifluatex switch (HO)
Package ifluatex Info: LuaTeX not detected.
)
(/usr/share/texlive/texmf-dist/tex/generic/oberdiek/ifpdf.sty
Package: ifpdf 2011/01/30 v2.3 Provides the ifpdf switch (HO)
Package ifpdf Info: pdfTeX in PDF mode is detected.
)
Package pdftexcmds Info: LuaTeX not detected.
Package pdftexcmds Info: \pdf@primitive is available.
Package pdftexcmds Info: \pdf@ifprimitive is available.
Package pdftexcmds Info: \pdfdraftmode found.
)
(/usr/share/texlive/texmf-dist/tex/latex/oberdiek/epstopdf-base.sty
Package: epstopdf-base 2010/02/09 v2.5 Base part for package epstopdf

(/usr/share/texlive/texmf-dist/tex/latex/oberdiek/grfext.sty
Package: grfext 2010/08/19 v1.1 Manage graphics extensions (HO)

(/usr/share/texlive/texmf-dist/tex/generic/oberdiek/kvdefinekeys.sty
Package: kvdefinekeys 2011/04/07 v1.3 Define keys (HO)
))
(/usr/share/texlive/texmf-dist/tex/latex/oberdiek/kvoptions.sty
Package: kvoptions 2011/06/30 v3.11 Key value format for package options (HO)

(/usr/share/texlive/texmf-dist/tex/generic/oberdiek/kvsetkeys.sty
Package: kvsetkeys 2012/04/25 v1.16 Key value parser (HO)

(/usr/share/texlive/texmf-dist/tex/generic/oberdiek/etexcmds.sty
Package: etexcmds 2011/02/16 v1.5 Avoid name clashes with e-TeX commands (HO)
Package etexcmds Info: Could not find \expanded.
(etexcmds)             That can mean that you are not using pdfTeX 1.50 or
(etexcmds)             that some package has redefined \expanded.
(etexcmds)             In the latter case, load this package earlier.
)))
Package grfext Info: Graphics extension search list:
(grfext)             [.png,.pdf,.jpg,.mps,.jpeg,.jbig2,.jb2,.PNG,.PDF,.JPG,.JPE
G,.JBIG2,.JB2,.eps]
(grfext)             \AppendGraphicsExtensions on input line 452.

(/usr/share/texlive/texmf-dist/tex/latex/latexconfig/epstopdf-sys.cfg
File: epstopdf-sys.cfg 2010/07/13 v1.3 Configuration of (r)epstopdf for TeX Liv
e
))
LaTeX Font Info:    Try loading font information for OT1+phv on input line 60.

(/usr/share/texlive/texmf-dist/tex/latex/psnfss/ot1phv.fd
File: ot1phv.fd 2001/06/04 scalable font definitions for OT1/phv.
)
Overfull \hbox (26.96355pt too wide) in paragraph at lines 63--64
[][][][][][][] 
 []

<LogoKULeuven.png, id=1, 401.5pt x 143.53625pt>
File: LogoKULeuven.png Graphic file (type png)
 <use LogoKULeuven.png>
Package pdftex.def Info: LogoKULeuven.png used on input line 68.
(pdftex.def)             Requested size: 157.58296pt x 56.33646pt.
Missing character: There is no â in font phvr7t!
Missing character: There is no € in font phvr7t!
Missing character: There is no ™ in font phvr7t!
Missing character: There is no â in font phvr7t!
Missing character: There is no € in font phvr7t!
Missing character: There is no ¦ in font phvr7t!
LaTeX Font Info:    Font shape `OT1/phv/m/it' in size <12> not available
(Font)              Font shape `OT1/phv/m/sl' tried instead on input line 83.
LaTeX Font Info:    Font shape `OT1/phv/bx/n' in size <14> not available
(Font)              Font shape `OT1/phv/b/n' tried instead on input line 90.

Overfull \hbox (24.18004pt too wide) in paragraph at lines 121--122
[][][] 
 []

[1

{/var/lib/texmf/fonts/map/pdftex/updmap/pdftex.map} <./LogoKULeuven.png>]
LaTeX Font Info:    Try loading font information for TS1+phv on input line 132.


(/usr/share/texlive/texmf-dist/tex/latex/psnfss/ts1phv.fd
File: ts1phv.fd 2001/06/04 scalable font definitions for TS1/phv.
) [2]
(./Acknowlegments.tex [1

] [2

]) (./SymbolsAbbreviations.tex [3

]
Overfull \hbox (67.39276pt too wide) in paragraph at lines 46--69
[] 
 []


Overfull \hbox (9.25279pt too wide) in paragraph at lines 71--83
[] 
 []


Overfull \hbox (11.0323pt too wide) in paragraph at lines 85--93
[] 
 []

[4

]) [5] (./Master_thesis.lof
Missing character: There is no â in font cmr12!
Missing character: There is no € in font cmr12!
Missing character: There is no ¢ in font cmr12!
)
\tf@lof=\write3
\openout3 = `Master_thesis.lof'.

 [6

] (./Master_thesis.lot)
\tf@lot=\write4
\openout4 = `Master_thesis.lot'.

 [7

]
(./Master_thesis.toc)
\tf@toc=\write5
\openout5 = `Master_thesis.toc'.

 [8

] (./Introduction.tex
Chapter 1.

Underfull \hbox (badness 10000) in paragraph at lines 4--5

 []


Underfull \hbox (badness 10000) in paragraph at lines 7--8

 []

[1

]

Package natbib Warning: Citation `Vink2018' on page 2 undefined on input line 3
1.

[2]
Underfull \hbox (badness 10000) in paragraph at lines 33--34

 []


Package natbib Warning: Citation `ISM course notes' on page 3 undefined on inpu
t line 36.


Underfull \hbox (badness 10000) in paragraph at lines 42--43

 []

[3]
Underfull \hbox (badness 10000) in paragraph at lines 62--64

 []


Underfull \hbox (badness 10000) in paragraph at lines 65--66

 []


Underfull \hbox (badness 10000) in paragraph at lines 67--68

 []


Package natbib Warning: Citation `CAK1975' on page 4 undefined on input line 69
.

[4]
Underfull \hbox (badness 10000) in paragraph at lines 76--78

 []


Underfull \hbox (badness 10000) in paragraph at lines 80--81

 []

[5]
Underfull \hbox (badness 10000) in paragraph at lines 103--104

 []


LaTeX Warning: Reference `eq: F_si' on page 6 undefined on input line 105.


Underfull \hbox (badness 10000) in paragraph at lines 116--117

 []


Underfull \hbox (badness 10000) in paragraph at lines 118--119

 []

[6]

Package natbib Warning: Citation `CAK1975' on page 7 undefined on input line 13
4.


Package natbib Warning: Citation `Owocki2003' on page 7 undefined on input line
 142.

[7]

Package natbib Warning: Citation `Gayley1995' on page 8 undefined on input line
 155.


Package natbib Warning: Citation `Owocki2003' on page 8 undefined on input line
 170.


Underfull \hbox (badness 10000) in paragraph at lines 169--171

 []

[8]
Underfull \hbox (badness 10000) in paragraph at lines 177--178

 []


Underfull \hbox (badness 10000) in paragraph at lines 183--184

 []

[9]
Underfull \hbox (badness 10000) in paragraph at lines 211--213

 []


Package natbib Warning: Citation `Harries2015' on page 10 undefined on input li
ne 220.


Underfull \hbox (badness 10000) in paragraph at lines 220--221

 []

) [10] [11] (./Methodology.tex
Chapter 2.

LaTeX Warning: Reference `hd_rho, hd_mom, hd_e' on page 12 undefined on input l
ine 5.


Underfull \hbox (badness 10000) in paragraph at lines 9--10

 []


Underfull \hbox (badness 10000) in paragraph at lines 11--12

 []


Underfull \hbox (badness 10000) in paragraph at lines 13--14

 []

[12

]
Underfull \hbox (badness 10000) in paragraph at lines 31--33

 []

[13]

LaTeX Warning: Reference `eq: gas_closing' on page 14 undefined on input line 4
9.


Underfull \hbox (badness 10000) in paragraph at lines 52--54

 []


Underfull \hbox (badness 10000) in paragraph at lines 57--58

 []


LaTeX Warning: Reference `eq: rhd_rho' on page 14 undefined on input line 59.

[14]
Underfull \hbox (badness 10000) in paragraph at lines 68--69

 []


Underfull \hbox (badness 10000) in paragraph at lines 86--87

 []


Underfull \hbox (badness 10000) in paragraph at lines 96--98

 []

[15]
Underfull \hbox (badness 10000) in paragraph at lines 106--108

 []


Underfull \hbox (badness 10000) in paragraph at lines 116--117

 []

[16] [17] <ADI-stencil.png, id=111, 513.92pt x 466.74374pt>
File: ADI-stencil.png Graphic file (type png)

<use ADI-stencil.png>
Package pdftex.def Info: ADI-stencil.png used on input line 156.
(pdftex.def)             Requested size: 256.95937pt x 233.37129pt.

Overfull \hbox (12.36119pt too wide) in paragraph at lines 188--188
[] 
 []

[18 <./ADI-stencil.png>]
Underfull \hbox (badness 10000) in paragraph at lines 188--190

 []


Underfull \hbox (badness 10000) in paragraph at lines 198--200

 []

[19]
Underfull \hbox (badness 10000) in paragraph at lines 206--207

 []


Underfull \hbox (badness 10000) in paragraph at lines 215--217

 []

[20] [21]) [22] [23] (./Results.tex
Chapter 3.

Package natbib Warning: Citation `Owocki2003' on page 24 undefined on input lin
e 6.

[24

]
Underfull \hbox (badness 10000) in paragraph at lines 25--26

 []


LaTeX Warning: Reference `eq: CAK_Cste' on page 25 undefined on input line 36.


Underfull \hbox (badness 10000) in paragraph at lines 51--52

 []

[25]
Underfull \hbox (badness 10000) in paragraph at lines 53--54

 []


LaTeX Warning: No positions in optional float specifier.
               Default added (so using `tbp') on input line 55.


Underfull \hbox (badness 10000) in paragraph at lines 86--87

 []


Underfull \hbox (badness 10000) in paragraph at lines 88--89

 []


Underfull \hbox (badness 10000) in paragraph at lines 90--91

 []

<CAK_velocity_profile.png, id=138, 462.528pt x 346.896pt>
File: CAK_velocity_profile.png Graphic file (type png)

<use CAK_velocity_profile.png>
Package pdftex.def Info: CAK_velocity_profile.png used on input line 96.
(pdftex.def)             Requested size: 455.24408pt x 341.44843pt.

<CAK_density_profile.png, id=139, 462.528pt x 346.896pt>
File: CAK_density_profile.png Graphic file (type png)

<use CAK_density_profile.png>
Package pdftex.def Info: CAK_density_profile.png used on input line 103.
(pdftex.def)             Requested size: 455.24408pt x 341.44843pt.
 [26] [27 <./CAK_velocity_profile.png>] [28 <./CAK_density_profile.png>]
<CAK_fd_velocity_profile.png, id=152, 462.528pt x 346.896pt>
File: CAK_fd_velocity_profile.png Graphic file (type png)

<use CAK_fd_velocity_profile.png>
Package pdftex.def Info: CAK_fd_velocity_profile.png used on input line 119.
(pdftex.def)             Requested size: 455.24408pt x 341.44843pt.

<CAK_fd_density_profile.png, id=153, 462.528pt x 346.896pt>
File: CAK_fd_density_profile.png Graphic file (type png)

<use CAK_fd_density_profile.png>
Package pdftex.def Info: CAK_fd_density_profile.png used on input line 126.
(pdftex.def)             Requested size: 455.24408pt x 341.44843pt.

<CAK_fd_factor.png, id=154, 462.528pt x 346.896pt>
File: CAK_fd_factor.png Graphic file (type png)
 <use CAK_fd_factor.png>
Package pdftex.def Info: CAK_fd_factor.png used on input line 141.
(pdftex.def)             Requested size: 455.24408pt x 341.44843pt.
Missing character: There is no â in font cmr12!
Missing character: There is no € in font cmr12!
Missing character: There is no ¢ in font cmr12!

[29 <./CAK_fd_velocity_profile.png>] [30 <./CAK_fd_density_profile.png>]
[31 <./CAK_fd_factor.png>]

LaTeX Warning: Reference `fig: InitCond_test' on page 32 undefined on input lin
e 164.

<visit0001.png, id=167, 1026.83624pt x 1026.83624pt>
File: visit0001.png Graphic file (type png)
 <use visit0001.png>
Package pdftex.def Info: visit0001.png used on input line 174.
(pdftex.def)             Requested size: 455.24408pt x 455.24069pt.

<visit0002.png, id=168, 1026.83624pt x 1026.83624pt>
File: visit0002.png Graphic file (type png)
 <use visit0002.png>
Package pdftex.def Info: visit0002.png used on input line 180.
(pdftex.def)             Requested size: 455.24408pt x 455.24069pt.

Underfull \hbox (badness 10000) in paragraph at lines 191--194

 []

[32] [33 <./visit0001.png (PNG copy)>] [34 <./visit0002.png (PNG copy)>]
<test_sourceterms.png, id=179, 940.2327pt x 513.117pt>
File: test_sourceterms.png Graphic file (type png)

<use test_sourceterms.png>
Package pdftex.def Info: test_sourceterms.png used on input line 202.
(pdftex.def)             Requested size: 455.24408pt x 248.43864pt.

<test_sourceterms_dt.png, id=180, 940.2327pt x 513.117pt>
File: test_sourceterms_dt.png Graphic file (type png)

<use test_sourceterms_dt.png>
Package pdftex.def Info: test_sourceterms_dt.png used on input line 208.
(pdftex.def)             Requested size: 455.24408pt x 248.43864pt.

Underfull \hbox (badness 10000) in paragraph at lines 214--215

 []

[35 <./test_sourceterms.png>] [36 <./test_sourceterms_dt.png>] [37]
Underfull \hbox (badness 10000) in paragraph at lines 272--274

 []


Underfull \hbox (badness 10000) in paragraph at lines 275--276

 []


Underfull \hbox (badness 10000) in paragraph at lines 278--279

 []

) [38] (./Conclusions.tex
Chapter 4.
) [39

] (./FutureWork.tex
Chapter 5.
) [40

] (./Master_thesis.bbl [41

] [42] [43]
Underfull \hbox (badness 1400) in paragraph at lines 285--292
[]\OT1/cmr/m/n/12 Asmita Bhan-dare, R. Kuiper, T. Hen-ning, C. Fendt, and A. Ko
el-li-gan.  Nu-
 []


Underfull \hbox (badness 4673) in paragraph at lines 285--292
\OT1/cmr/m/n/12 mer-i-cal Sim-u-la-tions of Low Mass Star For-ma-tion.  \OT1/cm
r/m/it/12 Star For-ma-tion from
 []


Underfull \hbox (badness 7869) in paragraph at lines 285--292
\OT1/cmr/m/it/12 Cores to Clus-ters, Pro-ceed-ings of the Con-fer-ence held 6-9
 March, 2017
 []


Underfull \hbox (badness 2237) in paragraph at lines 285--292
\OT1/cmr/m/it/12 at ESO, San-ti-ago, Chile. On-line at http://www.eso.org/sci/m
eetings/2017/star-
 []


Underfull \hbox (badness 7451) in paragraph at lines 285--292
\OT1/cmr/m/it/12 formation2017.html, id.2\OT1/cmr/m/n/12 , 2017.  doi: 10.5281/
ZEN-ODO.808548.  URL
 []

Missing character: There is no â in font cmr12!
Missing character: There is no € in font cmr12!
Missing character: There is no “ in font cmr12!

Underfull \hbox (badness 10000) in paragraph at lines 314--319
[]\OT1/cmr/m/n/12 G D Lev-er-more and G C Pom-ran-ing.  A FLUX-LIMITED DIF-FU-
 []


Underfull \hbox (badness 5359) in paragraph at lines 314--319
\OT1/cmr/m/n/12 SION THE-ORY.  \OT1/cmr/m/it/12 The As-tro-phys-i-cal Jour-nal\
OT1/cmr/m/n/12 , 248:321--334, 1981.  URL
 []


Overfull \hbox (435.87907pt too wide) in paragraph at lines 314--319
\OT1/cmtt/m/n/12 http://articles.adsabs.harvard.edu/cgi-bin/nph-iarticle[]query
?1981ApJ...248..321L&data[]type=PDF[]HIGH&whole[]paper=YES&type=PRINTER&filetyp
e=.pdf\OT1/cmr/m/n/12 . 
 []


Underfull \hbox (badness 7238) in paragraph at lines 321--325
[]\OT1/cmr/m/n/12 D. Mi-ha-las and B. W. Mi-ha-las.  Foun-da-tions of ra-di-a-t
ion hy-dro-dy-nam-
 []


Underfull \hbox (badness 5331) in paragraph at lines 321--325
\OT1/cmr/m/n/12 ics.  \OT1/cmr/m/it/12 New York, Ox-ford Uni-ver-sity Press, 19
84, 731 p.\OT1/cmr/m/n/12 , 1984.  URL
 []


Underfull \hbox (badness 1142) in paragraph at lines 328--336
[]\OT1/cmr/m/n/12 Riouhei Nakatani, Takashi Hosokawa, Naoki Yoshida, Hideko No-
mura, and Rolf
 []


Underfull \hbox (badness 2707) in paragraph at lines 328--336
\OT1/cmr/m/n/12 Kuiper.  Ra-di-a-tion Hy-dro-dy-nam-ics Sim-u-la-tions of Pho-t
o-e-vap-o-ra-tion of Pro-
 []


Underfull \hbox (badness 2393) in paragraph at lines 328--336
\OT1/cmr/m/n/12 to-plan-e-tary Disks by Ul-tra Vi-o-let Ra-di-a-tion: Metal-lic
-ity De-pen-dence.  jun
 []

Missing character: There is no â in font cmr12!
Missing character: There is no € in font cmr12!
Missing character: There is no “ in font cmr12!

Underfull \hbox (badness 5288) in paragraph at lines 357--366
\OT1/cmr/m/n/12 TO SOLVE EQUA-TIONS OF RA-DI-A-TION HY-DRO-DY-NAM-ICS WITH A
 []


Underfull \hbox (badness 2005) in paragraph at lines 357--366
\OT1/cmr/m/it/12 ple-ment Se-ries\OT1/cmr/m/n/12 , 223:000000, 2016.  doi: 10.3
847/0067-0049/223/1/14.  URL
 []

[44]
Underfull \hbox (badness 1337) in paragraph at lines 368--378
[]\OT1/cmr/m/n/12 G^^Sabor T^^Soth and Du^^Tsan Odstr^^Tcil.  Com-par-i-son of 
Some Flux Cor-rected Trans-
 []


Underfull \hbox (badness 3168) in paragraph at lines 368--378
\OT1/cmr/m/n/12 port and To-tal Vari-a-tion Di-min-ish-ing Nu-mer-i-cal Schemes
 for Hy-dro-dy-namic
 []


Underfull \hbox (badness 1454) in paragraph at lines 368--378
\OT1/cmr/m/n/12 and Mag-ne-to-hy-dro-dy-namic Prob-lems.  \OT1/cmr/m/it/12 Jour
-nal of Com-pu-ta-tional Physics\OT1/cmr/m/n/12 , 128
 []


Overfull \hbox (41.41989pt too wide) in paragraph at lines 368--378
\OT1/cmtt/m/n/12 https://www.sciencedirect.com/science/article/pii/S00219991969
01977?via%3Dihub\OT1/cmr/m/n/12 . 
 []

) [45]
LaTeX Font Info:    Font shape `OT1/phv/bx/n' in size <7> not available
(Font)              Font shape `OT1/phv/b/n' tried instead on input line 201.
 <sedes.png, id=219, 402.5439pt x 683.6742pt>
File: sedes.png Graphic file (type png)
 <use sedes.png>
Package pdftex.def Info: sedes.png used on input line 211.
(pdftex.def)             Requested size: 27.64043pt x 46.94704pt.

Overfull \hbox (18.18004pt too wide) in paragraph at lines 215--216
[][][] 
 []


Package natbib Warning: There were undefined citations.

[46 <./sedes.png>] (./Master_thesis.aux)

LaTeX Warning: There were undefined references.


LaTeX Warning: There were multiply-defined labels.

 ) 
Here is how much of TeX's memory you used:
 4967 strings out of 494910
 71262 string characters out of 6179836
 211197 words of memory out of 5000000
 8128 multiletter control sequences out of 15000+600000
 23490 words of font info for 53 fonts, out of 8000000 for 9000
 36 hyphenation exceptions out of 8191
 38i,17n,35p,8608b,288s stack positions out of 5000i,500n,10000p,200000b,80000s
 </home/nicolas/.texmf-var/fonts/pk/ljfour/jknappen/ec/tcrm1200.600pk>{/usr/s
hare/texlive/texmf-dist/fonts/enc/dvips/base/8r.enc}</usr/share/texlive/texmf-d
ist/fonts/type1/public/amsfonts/cm/cmbx12.pfb></usr/share/texlive/texmf-dist/fo
nts/type1/public/amsfonts/cm/cmex10.pfb></usr/share/texlive/texmf-dist/fonts/ty
pe1/public/amsfonts/cm/cmmi12.pfb></usr/share/texlive/texmf-dist/fonts/type1/pu
blic/amsfonts/cm/cmmi6.pfb></usr/share/texlive/texmf-dist/fonts/type1/public/am
sfonts/cm/cmmi8.pfb></usr/share/texlive/texmf-dist/fonts/type1/public/amsfonts/
cm/cmr12.pfb></usr/share/texlive/texmf-dist/fonts/type1/public/amsfonts/cm/cmr6
.pfb></usr/share/texlive/texmf-dist/fonts/type1/public/amsfonts/cm/cmr8.pfb></u
sr/share/texlive/texmf-dist/fonts/type1/public/amsfonts/cm/cmsl12.pfb></usr/sha
re/texlive/texmf-dist/fonts/type1/public/amsfonts/cm/cmsy10.pfb></usr/share/tex
live/texmf-dist/fonts/type1/public/amsfonts/cm/cmsy6.pfb></usr/share/texlive/te
xmf-dist/fonts/type1/public/amsfonts/cm/cmsy8.pfb></usr/share/texlive/texmf-dis
t/fonts/type1/public/amsfonts/cm/cmti12.pfb></usr/share/texlive/texmf-dist/font
s/type1/public/amsfonts/cm/cmtt12.pfb></usr/share/texlive/texmf-dist/fonts/type
1/urw/helvetic/uhvb8a.pfb></usr/share/texlive/texmf-dist/fonts/type1/urw/helvet
ic/uhvr8a.pfb></usr/share/texlive/texmf-dist/fonts/type1/urw/helvetic/uhvro8a.p
fb>
Output written on Master_thesis.pdf (56 pages, 775322 bytes).
PDF statistics:
 286 PDF objects out of 1000 (max. 8388607)
 185 compressed objects within 2 object streams
 0 named destinations out of 1000 (max. 500000)
 73 words of extra memory for PDF output out of 10000 (max. 10000000)

