\BOOKMARK [0][-]{chapter.1}{Introduction}{}% 1
\BOOKMARK [1][-]{section.1.1}{Numerical modelling}{chapter.1}% 2
\BOOKMARK [1][-]{section.1.2}{Hydrodynamics}{chapter.1}% 3
\BOOKMARK [1][-]{section.1.3}{Radiation Hydrodynamics}{chapter.1}% 4
\BOOKMARK [1][-]{section.1.4}{Sobolev and CAK-theory}{chapter.1}% 5
\BOOKMARK [1][-]{section.1.5}{Flux Limited Diffusion}{chapter.1}% 6
\BOOKMARK [0][-]{chapter.2}{Methodology}{}% 7
\BOOKMARK [1][-]{section.2.1}{mpi-amrvac}{chapter.2}% 8
\BOOKMARK [1][-]{section.2.2}{CAK-theory}{chapter.2}% 9
\BOOKMARK [1][-]{section.2.3}{Flux Limited Diffusion}{chapter.2}% 10
\BOOKMARK [2][-]{subsection.2.3.1}{Elliptic vs Hyperbolic}{section.2.3}% 11
\BOOKMARK [2][-]{subsection.2.3.2}{ADI}{section.2.3}% 12
\BOOKMARK [2][-]{subsection.2.3.3}{pseudo-timestepping}{section.2.3}% 13
\BOOKMARK [2][-]{subsection.2.3.4}{Bisection Implicit scheme}{section.2.3}% 14
\BOOKMARK [1][-]{section.2.4}{Dimensionless problem}{chapter.2}% 15
\BOOKMARK [1][-]{section.2.5}{visualisation}{chapter.2}% 16
\BOOKMARK [0][-]{chapter.3}{Results}{}% 17
\BOOKMARK [1][-]{section.3.1}{CAK-Theory}{chapter.3}% 18
\BOOKMARK [2][-]{subsection.3.1.1}{Massive star stellar wind}{section.3.1}% 19
\BOOKMARK [1][-]{section.3.2}{Flux Limited Diffusion}{chapter.3}% 20
\BOOKMARK [2][-]{subsection.3.2.1}{Testcase 1}{section.3.2}% 21
\BOOKMARK [2][-]{subsection.3.2.2}{Testcase 2}{section.3.2}% 22
\BOOKMARK [2][-]{subsection.3.2.3}{Isothermal Atmosphere}{section.3.2}% 23
\BOOKMARK [2][-]{subsection.3.2.4}{Strange mode instabilities}{section.3.2}% 24
\BOOKMARK [0][-]{chapter.4}{Conclusions}{}% 25
\BOOKMARK [0][-]{chapter.5}{Future Work}{}% 26
\BOOKMARK [1][-]{section.5.1}{Alternative Implicit Schemes}{chapter.5}% 27
\BOOKMARK [1][-]{section.5.2}{MPI}{chapter.5}% 28
\BOOKMARK [1][-]{section.5.3}{AMR}{chapter.5}% 29
\BOOKMARK [1][-]{section.5.4}{Non-Isothermal atmospheres}{chapter.5}% 30
\BOOKMARK [1][-]{section.5.5}{Super Eddinton Limit}{chapter.5}% 31
